[Tue Apr 14 17:01:21 2026] Running: git status
[Tue Apr 14 17:01:22 2026] On branch main
Your branch is ahead of 'origin/main' by 1 commit.
  (use "git push" to publish your local commits)

Untracked files:
  (use "git add <file>..." to include in what will be committed)
	ophc/

nothing added to commit but untracked files present (use "git add" to track)

[Tue Apr 14 17:01:22 2026] Running: git add .
[Tue Apr 14 17:01:22 2026] 
[Tue Apr 14 17:01:22 2026] Running: git commit -am "OPHC auto-commit"
[Tue Apr 14 17:01:22 2026] [main 13260b48] OPHC auto-commit
 3 files changed, 66 insertions(+)
 create mode 100644 ophc/README.md
 create mode 100644 ophc/ophc.log
 create mode 100644 ophc/ophc_auto.py

[Tue Apr 14 17:01:22 2026] Running: git pull --rebase
[Tue Apr 14 17:01:22 2026] 
[Tue Apr 14 17:01:22 2026] ERROR: error: cannot pull with rebase: You have unstaged changes.
error: Please commit or stash them.

[Tue Apr 14 17:01:22 2026] Command failed: git pull --rebase
[Tue Apr 14 17:01:22 2026] --- OPHC git automation complete ---
[Tue Apr 14 17:03:16 2026] Running: git status
[Tue Apr 14 17:03:16 2026] On branch main
Your branch is ahead of 'origin/main' by 3 commits.
  (use "git push" to publish your local commits)

Changes not staged for commit:
  (use "git add <file>..." to update what will be committed)
  (use "git restore <file>..." to discard changes in working directory)
	modified:   ophc/ophc.log

no changes added to commit (use "git add" and/or "git commit -a")

[Tue Apr 14 17:03:16 2026] Running: git add .
[Tue Apr 14 17:03:16 2026] 
[Tue Apr 14 17:03:16 2026] Running: git commit -am "OPHC auto-commit"
